# JRE version: OpenJDK Runtime Environment (8.0_242-b01) (build 1.8.0_242-release-1644-b01)
# Java VM: OpenJDK 64-Bit Server VM (25.242-b01 mixed mode windows-amd64 compressed oops)
Heap:
 PSYoungGen      total 246272K, used 144850K [0x00000000e0000000, 0x00000000f3e80000, 0x0000000100000000)
  eden space 197120K, 54% used [0x00000000e0000000,0x00000000e68cfef8,0x00000000ec080000)
  from space 49152K, 76% used [0x00000000ec080000,0x00000000ee524968,0x00000000ef080000)
  to   space 53248K, 0% used [0x00000000f0a80000,0x00000000f0a80000,0x00000000f3e80000)
 ParOldGen       total 188928K, used 104505K [0x00000000a0000000, 0x00000000ab880000, 0x00000000e0000000)
  object space 188928K, 55% used [0x00000000a0000000,0x00000000a660e758,0x00000000ab880000)
 Metaspace       used 86674K, capacity 90022K, committed 90328K, reserved 1128448K
  class space    used 11436K, capacity 12125K, committed 12248K, reserved 1048576K
GC Heap History (10 events):
Event: 54.878 GC heap before
{Heap before GC invocations=21 (full 3):
 PSYoungGen      total 186880K, used 186857K [0x00000000e0000000, 0x00000000ee180000, 0x0000000100000000)
  eden space 168448K, 100% used [0x00000000e0000000,0x00000000ea480000,0x00000000ea480000)
  from space 18432K, 99% used [0x00000000ea480000,0x00000000eb67a558,0x00000000eb680000)
  to   space 23040K, 0% used [0x00000000ecb00000,0x00000000ecb00000,0x00000000ee180000)
 ParOldGen       total 94720K, used 40439K [0x00000000a0000000, 0x00000000a5c80000, 0x00000000e0000000)
  object space 94720K, 42% used [0x00000000a0000000,0x00000000a277dd60,0x00000000a5c80000)
 Metaspace       used 73610K, capacity 76306K, committed 76632K, reserved 1116160K
  class space    used 9947K, capacity 10499K, committed 10584K, reserved 1048576K
Event: 55.001 GC heap after
Heap after GC invocations=21 (full 3):
 PSYoungGen      total 196608K, used 23022K [0x00000000e0000000, 0x00000000efa80000, 0x0000000100000000)
  eden space 173568K, 0% used [0x00000000e0000000,0x00000000e0000000,0x00000000ea980000)
  from space 23040K, 99% used [0x00000000ecb00000,0x00000000ee17bb90,0x00000000ee180000)
  to   space 34304K, 0% used [0x00000000ea980000,0x00000000ea980000,0x00000000ecb00000)
 ParOldGen       total 94720K, used 60983K [0x00000000a0000000, 0x00000000a5c80000, 0x00000000e0000000)
  object space 94720K, 64% used [0x00000000a0000000,0x00000000a3b8dea0,0x00000000a5c80000)
 Metaspace       used 73610K, capacity 76306K, committed 76632K, reserved 1116160K
  class space    used 9947K, capacity 10499K, committed 10584K, reserved 1048576K
}
Event: 61.163 GC heap before
{Heap before GC invocations=22 (full 3):
 PSYoungGen      total 196608K, used 196590K [0x00000000e0000000, 0x00000000efa80000, 0x0000000100000000)
  eden space 173568K, 100% used [0x00000000e0000000,0x00000000ea980000,0x00000000ea980000)
  from space 23040K, 99% used [0x00000000ecb00000,0x00000000ee17bb90,0x00000000ee180000)
  to   space 34304K, 0% used [0x00000000ea980000,0x00000000ea980000,0x00000000ecb00000)
 ParOldGen       total 94720K, used 60983K [0x00000000a0000000, 0x00000000a5c80000, 0x00000000e0000000)
  object space 94720K, 64% used [0x00000000a0000000,0x00000000a3b8dea0,0x00000000a5c80000)
 Metaspace       used 79670K, capacity 83132K, committed 83288K, reserved 1120256K
  class space    used 10802K, capacity 11482K, committed 11608K, reserved 1048576K
Event: 61.346 GC heap after
Heap after GC invocations=22 (full 3):
 PSYoungGen      total 207872K, used 34283K [0x00000000e0000000, 0x00000000f2780000, 0x0000000100000000)
  eden space 173568K, 0% used [0x00000000e0000000,0x00000000e0000000,0x00000000ea980000)
  from space 34304K, 99% used [0x00000000ea980000,0x00000000ecafafd0,0x00000000ecb00000)
  to   space 51712K, 0% used [0x00000000ef500000,0x00000000ef500000,0x00000000f2780000)
 ParOldGen       total 94720K, used 92837K [0x00000000a0000000, 0x00000000a5c80000, 0x00000000e0000000)
  object space 94720K, 98% used [0x00000000a0000000,0x00000000a5aa97d8,0x00000000a5c80000)
 Metaspace       used 79670K, capacity 83132K, committed 83288K, reserved 1120256K
  class space    used 10802K, capacity 11482K, committed 11608K, reserved 1048576K
}
Event: 61.346 GC heap before
{Heap before GC invocations=23 (full 4):
 PSYoungGen      total 207872K, used 34283K [0x00000000e0000000, 0x00000000f2780000, 0x0000000100000000)
  eden space 173568K, 0% used [0x00000000e0000000,0x00000000e0000000,0x00000000ea980000)
  from space 34304K, 99% used [0x00000000ea980000,0x00000000ecafafd0,0x00000000ecb00000)
  to   space 51712K, 0% used [0x00000000ef500000,0x00000000ef500000,0x00000000f2780000)
 ParOldGen       total 94720K, used 92837K [0x00000000a0000000, 0x00000000a5c80000, 0x00000000e0000000)
  object space 94720K, 98% used [0x00000000a0000000,0x00000000a5aa97d8,0x00000000a5c80000)
 Metaspace       used 79670K, capacity 83132K, committed 83288K, reserved 1120256K
  class space    used 10802K, capacity 11482K, committed 11608K, reserved 1048576K
Event: 62.789 GC heap after
Heap after GC invocations=23 (full 4):
 PSYoungGen      total 207872K, used 10193K [0x00000000e0000000, 0x00000000f2780000, 0x0000000100000000)
  eden space 173568K, 0% used [0x00000000e0000000,0x00000000e0000000,0x00000000ea980000)
  from space 34304K, 29% used [0x00000000ea980000,0x00000000eb3744d0,0x00000000ecb00000)
  to   space 51712K, 0% used [0x00000000ef500000,0x00000000ef500000,0x00000000f2780000)
 ParOldGen       total 188928K, used 94510K [0x00000000a0000000, 0x00000000ab880000, 0x00000000e0000000)
  object space 188928K, 50% used [0x00000000a0000000,0x00000000a5c4ba78,0x00000000ab880000)
 Metaspace       used 79395K, capacity 82396K, committed 83288K, reserved 1120256K
  class space    used 10708K, capacity 11316K, committed 11608K, reserved 1048576K
}
Event: 67.091 GC heap before
{Heap before GC invocations=24 (full 4):
 PSYoungGen      total 207872K, used 183761K [0x00000000e0000000, 0x00000000f2780000, 0x0000000100000000)
  eden space 173568K, 100% used [0x00000000e0000000,0x00000000ea980000,0x00000000ea980000)
  from space 34304K, 29% used [0x00000000ea980000,0x00000000eb3744d0,0x00000000ecb00000)
  to   space 51712K, 0% used [0x00000000ef500000,0x00000000ef500000,0x00000000f2780000)
 ParOldGen       total 188928K, used 94510K [0x00000000a0000000, 0x00000000ab880000, 0x00000000e0000000)
  object space 188928K, 50% used [0x00000000a0000000,0x00000000a5c4ba78,0x00000000ab880000)
 Metaspace       used 79864K, capacity 82774K, committed 83544K, reserved 1122304K
  class space    used 10741K, capacity 11337K, committed 11608K, reserved 1048576K
Event: 67.188 GC heap after
Heap after GC invocations=24 (full 4):
 PSYoungGen      total 241664K, used 14841K [0x00000000e0000000, 0x00000000f2080000, 0x0000000100000000)
  eden space 197120K, 0% used [0x00000000e0000000,0x00000000e0000000,0x00000000ec080000)
  from space 44544K, 33% used [0x00000000ef500000,0x00000000f037e580,0x00000000f2080000)
  to   space 49152K, 0% used [0x00000000ec080000,0x00000000ec080000,0x00000000ef080000)
 ParOldGen       total 188928K, used 104497K [0x00000000a0000000, 0x00000000ab880000, 0x00000000e0000000)
  object space 188928K, 55% used [0x00000000a0000000,0x00000000a660c758,0x00000000ab880000)
 Metaspace       used 79864K, capacity 82774K, committed 83544K, reserved 1122304K
  class space    used 10741K, capacity 11337K, committed 11608K, reserved 1048576K
}
Event: 1779.288 GC heap before
{Heap before GC invocations=25 (full 4):
 PSYoungGen      total 241664K, used 211961K [0x00000000e0000000, 0x00000000f2080000, 0x0000000100000000)
  eden space 197120K, 100% used [0x00000000e0000000,0x00000000ec080000,0x00000000ec080000)
  from space 44544K, 33% used [0x00000000ef500000,0x00000000f037e580,0x00000000f2080000)
  to   space 49152K, 0% used [0x00000000ec080000,0x00000000ec080000,0x00000000ef080000)
 ParOldGen       total 188928K, used 104497K [0x00000000a0000000, 0x00000000ab880000, 0x00000000e0000000)
  object space 188928K, 55% used [0x00000000a0000000,0x00000000a660c758,0x00000000ab880000)
 Metaspace       used 86492K, capacity 89818K, committed 90072K, reserved 1126400K
  class space    used 11426K, capacity 12113K, committed 12248K, reserved 1048576K
Event: 1780.536 GC heap after
Heap after GC invocations=25 (full 4):
 PSYoungGen      total 246272K, used 37522K [0x00000000e0000000, 0x00000000f3e80000, 0x0000000100000000)
  eden space 197120K, 0% used [0x00000000e0000000,0x00000000e0000000,0x00000000ec080000)
  from space 49152K, 76% used [0x00000000ec080000,0x00000000ee524968,0x00000000ef080000)
  to   space 53248K, 0% used [0x00000000f0a80000,0x00000000f0a80000,0x00000000f3e80000)
 ParOldGen       total 188928K, used 104505K [0x00000000a0000000, 0x00000000ab880000, 0x00000000e0000000)
  object space 188928K, 55% used [0x00000000a0000000,0x00000000a660e758,0x00000000ab880000)
 Metaspace       used 86492K, capacity 89818K, committed 90072K, reserved 1126400K
  class space    used 11426K, capacity 12113K, committed 12248K, reserved 1048576K
}

